SF:./core/lib/utils/utils.dart
DA:3,3
LF:1
LH:1
end_of_record
SF:./core/lib/utils/encrypt.dart
DA:3,1
DA:4,1
DA:5,1
DA:7,2
DA:9,1
DA:11,1
LF:6
LH:6
end_of_record
SF:./core/lib/data/datasources/db/database_helper.dart
DA:9,0
DA:13,0
DA:17,0
DA:18,0
DA:25,0
DA:26,0
DA:27,0
DA:29,0
DA:32,0
DA:33,0
DA:38,0
DA:39,0
DA:47,0
DA:57,0
DA:58,0
DA:61,0
DA:64,0
DA:65,0
DA:66,0
DA:67,0
DA:69,0
DA:73,0
DA:74,0
DA:75,0
DA:76,0
DA:78,0
DA:81,0
DA:82,0
DA:88,0
DA:89,0
DA:90,0
DA:95,0
DA:96,0
DA:97,0
LF:34
LH:0
end_of_record
SF:./core/lib/data/models/watchlist_table.dart
DA:13,5
DA:20,4
DA:21,2
DA:22,2
DA:23,2
DA:24,2
DA:27,2
DA:28,1
DA:29,1
DA:30,1
DA:31,1
DA:34,6
DA:35,3
DA:36,3
DA:37,3
DA:38,3
DA:41,2
DA:42,1
DA:43,1
DA:44,1
DA:45,1
DA:48,4
DA:49,2
DA:50,2
DA:51,2
DA:52,2
DA:54,4
DA:55,2
DA:56,2
DA:57,2
DA:58,2
DA:61,5
DA:62,25
LF:33
LH:33
end_of_record
SF:./core/lib/data/datasources/movies/movie_local_data_source.dart
DA:16,1
DA:18,1
DA:21,3
DA:24,2
DA:28,1
DA:31,3
DA:34,2
DA:38,1
DA:40,3
DA:42,1
DA:48,1
DA:50,2
DA:51,4
LF:13
LH:13
end_of_record
SF:./core/lib/utils/exception.dart
DA:6,4
LF:1
LH:1
end_of_record
SF:./core/lib/data/datasources/movies/movie_remote_data_source.dart
DA:24,1
DA:26,1
DA:29,3
DA:31,2
DA:32,4
DA:34,1
DA:38,1
DA:40,4
DA:42,2
DA:43,3
DA:45,1
DA:49,1
DA:51,1
DA:52,3
DA:54,2
DA:55,4
DA:57,1
DA:61,1
DA:64,3
DA:66,2
DA:67,4
DA:69,1
DA:73,1
DA:76,3
DA:78,2
DA:79,4
DA:81,1
DA:85,1
DA:87,1
DA:88,3
DA:90,2
DA:91,4
DA:93,1
LF:33
LH:33
end_of_record
SF:./core/lib/data/models/movie/movie_detail_model.dart
DA:6,2
DA:52,1
DA:53,1
DA:54,1
DA:55,1
DA:56,1
DA:57,1
DA:58,4
DA:59,1
DA:60,1
DA:61,1
DA:62,1
DA:63,1
DA:64,1
DA:65,2
DA:66,1
DA:67,1
DA:68,1
DA:69,1
DA:70,1
DA:71,1
DA:72,1
DA:73,1
DA:74,2
DA:75,1
DA:78,1
DA:79,1
DA:80,1
DA:81,1
DA:82,5
DA:83,1
DA:84,1
DA:85,1
DA:86,1
DA:87,1
DA:88,1
DA:89,1
DA:90,1
DA:91,1
DA:95,1
DA:96,1
DA:97,1
DA:98,1
DA:99,1
DA:100,1
DA:101,1
DA:102,1
DA:103,1
DA:104,1
DA:105,1
DA:106,1
DA:107,1
DA:108,1
DA:109,1
DA:110,1
DA:111,1
DA:112,1
DA:113,1
DA:114,1
DA:115,1
DA:116,1
DA:117,1
LF:62
LH:62
end_of_record
SF:./core/lib/data/models/movie/movie_model.dart
DA:5,4
DA:35,2
DA:36,2
DA:37,2
DA:38,2
DA:39,4
DA:40,2
DA:41,2
DA:42,2
DA:43,4
DA:44,2
DA:45,2
DA:46,2
DA:47,2
DA:48,4
DA:49,2
DA:53,2
DA:54,1
DA:55,1
DA:56,4
DA:57,1
DA:58,1
DA:59,1
DA:60,1
DA:61,1
DA:62,1
DA:63,1
DA:64,1
DA:65,1
DA:66,1
DA:69,2
DA:70,2
DA:71,2
DA:72,2
DA:73,2
DA:74,2
DA:75,2
DA:76,2
DA:77,2
DA:78,2
DA:79,2
DA:80,2
DA:81,2
DA:82,2
DA:83,2
DA:87,2
DA:88,2
DA:89,2
DA:90,2
DA:91,2
DA:92,2
DA:93,2
DA:94,2
DA:95,2
DA:96,2
DA:97,2
DA:98,2
DA:99,2
DA:100,2
DA:101,2
LF:60
LH:60
end_of_record
SF:./core/lib/data/models/movie/movie_response.dart
DA:7,2
DA:9,4
DA:10,2
DA:11,8
DA:14,2
DA:15,5
DA:18,1
DA:19,2
LF:8
LH:8
end_of_record
SF:./core/lib/data/datasources/tv/tv_local_data_source.dart
DA:17,1
DA:19,1
DA:22,3
DA:25,2
DA:29,1
DA:32,3
DA:35,2
DA:39,1
DA:41,3
DA:43,1
DA:49,1
DA:51,2
DA:52,4
LF:13
LH:13
end_of_record
SF:./core/lib/data/datasources/tv/tv_remote_data_source.dart
DA:25,1
DA:27,1
DA:30,3
DA:32,2
DA:33,4
DA:35,1
DA:39,1
DA:41,3
DA:43,2
DA:44,4
DA:46,1
DA:50,1
DA:53,4
DA:55,2
DA:56,4
DA:58,1
DA:62,1
DA:65,3
DA:67,2
DA:68,4
DA:70,1
DA:74,1
DA:77,4
DA:79,2
DA:80,4
DA:82,1
DA:86,1
DA:88,4
DA:90,2
DA:91,3
DA:93,1
LF:31
LH:31
end_of_record
SF:./core/lib/data/models/tv/tv_detail_model.dart
DA:18,2
DA:32,2
DA:33,1
DA:34,1
DA:35,1
DA:36,1
DA:37,4
DA:38,1
DA:39,1
DA:40,1
DA:41,2
DA:42,1
DA:43,2
DA:44,1
DA:47,1
DA:48,1
DA:49,1
DA:50,1
DA:51,1
DA:52,5
DA:53,1
DA:54,1
DA:55,1
DA:56,1
DA:57,1
DA:58,1
DA:59,1
DA:63,1
DA:64,1
DA:65,1
DA:66,1
DA:67,1
DA:68,1
DA:69,1
DA:70,1
DA:71,1
DA:72,1
DA:73,1
DA:74,1
DA:75,1
LF:40
LH:40
end_of_record
SF:./core/lib/data/models/tv/tv_model.dart
DA:22,4
DA:39,2
DA:40,2
DA:41,2
DA:42,2
DA:43,2
DA:44,2
DA:45,2
DA:46,2
DA:47,2
DA:48,2
DA:49,2
DA:50,2
DA:51,2
DA:52,2
DA:53,2
DA:54,2
DA:58,0
DA:60,0
DA:62,4
DA:63,2
DA:64,2
DA:65,4
DA:66,2
DA:67,4
DA:68,2
DA:69,2
DA:70,2
DA:71,4
DA:72,2
DA:73,4
DA:74,2
DA:75,4
DA:76,2
DA:79,2
DA:80,1
DA:81,1
DA:82,4
DA:83,1
DA:84,4
DA:85,1
DA:86,1
DA:87,1
DA:88,1
DA:89,1
DA:91,13
DA:92,1
DA:93,1
DA:94,1
DA:96,2
DA:97,2
DA:98,2
DA:99,2
DA:100,2
DA:101,2
DA:102,2
DA:103,2
DA:104,2
DA:105,2
DA:106,2
DA:107,2
DA:108,2
DA:109,2
DA:110,2
DA:111,2
LF:65
LH:63
end_of_record
SF:./core/lib/data/models/tv/tv_response.dart
DA:7,2
DA:11,2
DA:12,2
DA:14,10
DA:17,2
DA:18,5
DA:21,1
DA:22,2
LF:8
LH:8
end_of_record
SF:./core/lib/data/models/genre_model.dart
DA:5,4
DA:13,4
DA:14,2
DA:15,2
DA:18,2
DA:19,6
DA:22,2
DA:23,6
LF:8
LH:8
end_of_record
SF:./core/lib/domain/entities/genre.dart
DA:4,13
DA:12,4
DA:13,12
LF:3
LH:3
end_of_record
SF:./core/lib/domain/entities/movie_detail.dart
DA:5,7
DA:33,2
DA:34,2
DA:35,2
DA:36,2
DA:37,2
DA:38,2
DA:39,2
DA:40,2
DA:41,2
DA:42,2
DA:43,2
DA:44,2
DA:45,2
LF:14
LH:14
end_of_record
SF:./core/lib/domain/entities/movie.dart
DA:5,10
DA:21,3
DA:42,7
DA:43,7
DA:44,7
DA:45,7
DA:46,7
DA:47,7
DA:48,7
DA:49,7
DA:50,7
DA:51,7
DA:52,7
DA:53,7
DA:54,7
DA:55,7
DA:56,7
LF:17
LH:17
end_of_record
SF:./core/lib/domain/entities/tv_detail.dart
DA:17,6
DA:31,2
DA:32,2
DA:33,2
DA:34,2
DA:35,2
DA:36,2
DA:37,2
DA:38,2
DA:39,2
DA:40,2
DA:41,2
DA:42,2
DA:43,2
LF:14
LH:14
end_of_record
SF:./core/lib/domain/entities/tv.dart
DA:4,12
DA:21,2
DA:46,7
DA:47,7
DA:48,7
DA:49,7
DA:50,7
DA:51,7
DA:52,7
DA:53,7
DA:54,7
DA:55,7
DA:56,7
DA:57,7
DA:58,7
DA:59,7
DA:60,7
DA:61,7
LF:18
LH:18
end_of_record
SF:./core/lib/utils/failure.dart
DA:6,21
DA:8,7
DA:9,14
DA:13,12
DA:17,2
DA:21,11
LF:6
LH:6
end_of_record
SF:./core/lib/styles/text_styles.dart
DA:5,2
DA:6,1
DA:7,3
DA:9,3
DA:11,3
DA:15,3
DA:16,1
DA:17,1
DA:18,1
DA:19,1
LF:10
LH:10
end_of_record
SF:./core/lib/data/repositories/movie_repository_impl.dart
DA:16,1
DA:21,1
DA:24,2
DA:25,5
DA:26,1
DA:27,2
DA:28,1
DA:29,2
DA:33,1
DA:36,2
DA:37,2
DA:38,1
DA:39,2
DA:40,1
DA:41,2
DA:45,1
DA:48,2
DA:49,3
DA:50,1
DA:51,2
DA:52,1
DA:53,2
DA:57,1
DA:60,2
DA:61,5
DA:62,1
DA:63,2
DA:64,1
DA:65,2
DA:69,1
DA:72,2
DA:73,5
DA:74,1
DA:75,2
DA:76,1
DA:77,2
DA:81,1
DA:84,2
DA:85,5
DA:86,1
DA:87,2
DA:88,1
DA:89,2
DA:93,1
DA:97,3
DA:98,1
DA:99,1
DA:100,3
DA:106,1
DA:110,3
DA:111,1
DA:112,1
DA:113,3
DA:117,1
DA:119,2
DA:123,1
DA:125,2
DA:126,5
LF:58
LH:58
end_of_record
SF:./core/lib/data/repositories/tv_repository_impl.dart
DA:15,1
DA:18,1
DA:21,2
DA:22,5
DA:23,1
DA:24,2
DA:25,1
DA:26,2
DA:30,1
DA:33,2
DA:34,2
DA:35,1
DA:36,2
DA:37,1
DA:38,2
DA:42,1
DA:45,2
DA:46,3
DA:47,1
DA:48,2
DA:49,1
DA:50,2
DA:54,1
DA:57,2
DA:58,5
DA:59,1
DA:60,2
DA:61,1
DA:62,2
DA:66,1
DA:69,2
DA:70,5
DA:71,1
DA:72,2
DA:73,1
DA:74,2
DA:78,1
DA:81,2
DA:82,5
DA:83,1
DA:84,2
DA:85,1
DA:86,2
DA:90,1
DA:92,2
DA:93,5
DA:96,1
DA:98,2
DA:102,1
DA:105,1
DA:106,2
DA:107,1
DA:108,1
DA:109,3
DA:113,1
DA:116,1
DA:117,2
DA:118,1
DA:119,1
DA:120,3
LF:60
LH:60
end_of_record
SF:./core/lib/domain/usecases/movies/get_top_rated_movies.dart
DA:9,1
DA:11,1
DA:12,2
LF:3
LH:3
end_of_record
SF:./core/lib/domain/usecases/movies/get_movie_watchlist.dart
DA:9,1
DA:11,1
DA:12,2
LF:3
LH:3
end_of_record
SF:./core/lib/domain/usecases/movies/get_movie_detail.dart
DA:9,1
DA:11,1
DA:12,2
LF:3
LH:3
end_of_record
SF:./core/lib/domain/usecases/movies/get_movie_recommendations.dart
DA:9,1
DA:11,1
DA:12,2
LF:3
LH:3
end_of_record
SF:./core/lib/domain/usecases/movies/save_movie_to_watchlist.dart
DA:9,1
DA:11,1
DA:12,2
LF:3
LH:3
end_of_record
SF:./core/lib/domain/usecases/movies/get_movie_status_watchlist.dart
DA:6,1
DA:8,1
DA:9,2
LF:3
LH:3
end_of_record
SF:./core/lib/domain/usecases/movies/remove_movie_from_watchlist.dart
DA:9,1
DA:11,1
DA:12,2
LF:3
LH:3
end_of_record
SF:./core/lib/domain/usecases/movies/get_now_playing_movies.dart
DA:9,1
DA:11,1
DA:12,2
LF:3
LH:3
end_of_record
SF:./core/lib/domain/usecases/movies/get_popular_movies.dart
DA:9,1
DA:11,1
DA:12,2
LF:3
LH:3
end_of_record
SF:./core/lib/domain/usecases/tv/get_tv_status_watchlist.dart
DA:6,1
DA:8,1
DA:9,2
LF:3
LH:3
end_of_record
SF:./core/lib/domain/usecases/tv/get_tv_watchlist.dart
DA:8,1
DA:10,1
DA:11,2
LF:3
LH:3
end_of_record
SF:./core/lib/domain/usecases/tv/get_tv_airing_today.dart
DA:8,1
DA:10,1
DA:11,2
LF:3
LH:3
end_of_record
SF:./core/lib/domain/usecases/tv/remove_tv_from_watchlist.dart
DA:9,1
DA:11,1
DA:12,2
LF:3
LH:3
end_of_record
SF:./core/lib/domain/usecases/tv/get_tv_top_rated.dart
DA:8,1
DA:10,1
DA:11,2
LF:3
LH:3
end_of_record
SF:./core/lib/domain/usecases/tv/get_tv_recommendations.dart
DA:8,1
DA:10,1
DA:11,2
LF:3
LH:3
end_of_record
SF:./core/lib/domain/usecases/tv/get_tv_popular.dart
DA:8,1
DA:10,1
DA:11,2
LF:3
LH:3
end_of_record
SF:./core/lib/domain/usecases/tv/get_tv_detail.dart
DA:8,1
DA:9,1
DA:10,2
LF:3
LH:3
end_of_record
SF:./core/lib/domain/usecases/tv/save_tv_to_watchlist.dart
DA:9,1
DA:11,1
DA:12,2
LF:3
LH:3
end_of_record
SF:./core/lib/presentation/bloc/movie/detail/recommendation/movie_detail_recommendation_state.dart
DA:4,1
DA:6,1
DA:7,1
DA:19,1
DA:21,1
DA:22,2
DA:28,1
DA:30,1
DA:31,2
LF:9
LH:9
end_of_record
SF:./core/lib/presentation/bloc/movie/detail/recommendation/movie_detail_recommendation_event.dart
DA:4,1
DA:10,1
LF:2
LH:2
end_of_record
SF:./core/lib/presentation/bloc/movie/detail/recommendation/movie_detail_recommendation_bloc.dart
DA:13,1
DA:14,2
DA:15,2
DA:17,1
DA:20,2
DA:22,3
DA:24,2
DA:25,3
DA:26,1
DA:27,1
DA:28,2
DA:30,2
LF:12
LH:12
end_of_record
SF:./core/lib/presentation/bloc/movie/movie_popular/movie_popular_state.dart
DA:4,1
DA:5,1
DA:15,1
DA:17,1
DA:18,2
DA:24,1
DA:26,1
DA:27,2
LF:8
LH:8
end_of_record
SF:./core/lib/presentation/bloc/movie/movie_popular/movie_popular_event.dart
DA:4,1
LF:1
LH:1
end_of_record
SF:./core/lib/presentation/bloc/movie/movie_popular/movie_popular_bloc.dart
DA:12,3
DA:13,2
DA:16,1
DA:17,2
DA:19,2
DA:21,1
DA:22,1
DA:23,3
DA:25,1
DA:26,2
LF:10
LH:10
end_of_record
SF:./core/lib/presentation/bloc/movie/detail/movie_detail_state.dart
DA:4,1
DA:5,1
DA:15,1
DA:17,1
DA:18,1
DA:24,1
DA:26,1
DA:27,2
LF:8
LH:8
end_of_record
SF:./core/lib/presentation/bloc/movie/detail/movie_detail_event.dart
DA:9,1
LF:1
LH:1
end_of_record
SF:./core/lib/presentation/bloc/movie/detail/movie_detail_bloc.dart
DA:13,1
DA:15,2
DA:16,2
DA:19,1
DA:21,2
DA:23,3
DA:25,1
DA:26,1
DA:27,3
DA:29,1
DA:30,2
LF:11
LH:11
end_of_record
SF:./core/lib/presentation/bloc/movie/now_playing/movie_now_playing_state.dart
DA:4,1
DA:5,1
DA:6,1
DA:16,1
DA:18,1
DA:19,2
DA:25,1
DA:27,1
DA:28,2
LF:9
LH:9
end_of_record
SF:./core/lib/presentation/bloc/movie/now_playing/movie_now_playing_bloc.dart
DA:12,1
DA:13,2
DA:14,2
DA:17,1
DA:19,2
DA:20,2
DA:21,1
DA:22,4
DA:23,3
LF:9
LH:9
end_of_record
SF:./core/lib/presentation/bloc/movie/watchlist/movie_watchlist_bloc.dart
DA:13,3
DA:14,2
DA:17,1
DA:19,2
DA:21,2
DA:23,1
DA:24,1
DA:25,3
DA:27,1
DA:28,2
LF:10
LH:10
end_of_record
SF:./core/lib/presentation/bloc/movie/watchlist/movie_watchlist_state.dart
DA:4,1
DA:6,1
DA:7,1
DA:17,1
DA:19,1
DA:20,2
DA:26,1
DA:28,1
DA:29,2
LF:9
LH:9
end_of_record
SF:./core/lib/presentation/bloc/movie/detail/watchlist/movie_detail_watchlist_cubit.dart
DA:12,1
DA:14,2
DA:16,1
DA:17,2
DA:18,1
DA:19,2
DA:26,1
DA:27,2
DA:28,1
DA:29,1
DA:30,3
DA:32,1
DA:35,1
DA:36,3
DA:44,1
DA:45,2
DA:46,1
DA:47,1
DA:48,3
DA:50,1
DA:53,1
DA:54,3
LF:22
LH:22
end_of_record
SF:./core/lib/presentation/bloc/movie/detail/watchlist/movie_detail_watchlist_state.dart
DA:7,2
DA:12,1
DA:19,1
DA:20,3
DA:22,1
DA:26,1
DA:27,0
DA:28,0
LF:8
LH:6
end_of_record
SF:./core/lib/presentation/bloc/movie/top_rated/movie_top_rated_state.dart
DA:4,1
DA:5,1
DA:15,1
DA:17,1
DA:18,2
DA:24,1
DA:26,1
DA:27,2
LF:8
LH:8
end_of_record
SF:./core/lib/presentation/bloc/movie/top_rated/movie_top_rated_bloc.dart
DA:13,3
DA:14,2
DA:17,1
DA:18,2
DA:20,2
DA:22,1
DA:23,1
DA:24,3
DA:26,1
DA:27,2
LF:10
LH:10
end_of_record
SF:./core/lib/presentation/bloc/tv/detail/recommendation/tv_detail_recommendation_bloc.dart
DA:13,1
DA:14,2
DA:15,2
DA:17,1
DA:20,2
DA:22,3
DA:24,2
DA:25,3
DA:26,1
DA:27,1
DA:28,2
DA:30,0
LF:12
LH:11
end_of_record
SF:./core/lib/presentation/bloc/tv/detail/recommendation/tv_detail_recommendation_state.dart
DA:4,1
DA:6,1
DA:7,1
DA:19,1
DA:21,1
DA:22,2
DA:28,1
DA:30,1
DA:31,2
LF:9
LH:9
end_of_record
SF:./core/lib/presentation/bloc/tv/detail/recommendation/tv_detail_recommendation_event.dart
DA:4,1
DA:10,1
LF:2
LH:2
end_of_record
SF:./core/lib/presentation/bloc/tv/airing_today/tv_airing_today_bloc.dart
DA:11,3
DA:12,2
DA:15,1
DA:17,2
DA:19,2
DA:21,1
DA:22,1
DA:23,3
DA:25,1
DA:26,2
LF:10
LH:10
end_of_record
SF:./core/lib/presentation/bloc/tv/airing_today/tv_airing_today_state.dart
DA:4,1
DA:5,1
DA:14,1
DA:16,1
DA:17,2
DA:22,1
DA:24,1
DA:25,2
LF:8
LH:8
end_of_record
SF:./core/lib/presentation/bloc/tv/popular/tv_popular_bloc.dart
DA:11,3
DA:12,2
DA:14,1
DA:16,2
DA:18,2
DA:20,1
DA:21,1
DA:22,3
DA:24,1
DA:25,2
LF:10
LH:10
end_of_record
SF:./core/lib/presentation/bloc/tv/popular/tv_popular_state.dart
DA:4,1
DA:5,1
DA:12,1
DA:14,1
DA:15,2
DA:19,1
DA:21,1
DA:22,2
LF:8
LH:8
end_of_record
SF:./core/lib/presentation/bloc/tv/watchlist/tv_watchlist_state.dart
DA:4,1
DA:6,1
DA:7,1
DA:17,1
DA:19,1
DA:20,2
DA:26,1
DA:28,1
DA:29,2
LF:9
LH:9
end_of_record
SF:./core/lib/presentation/bloc/tv/watchlist/tv_watchlist_bloc.dart
DA:13,3
DA:14,2
DA:17,1
DA:19,2
DA:21,2
DA:23,1
DA:24,1
DA:25,3
DA:27,1
DA:28,2
LF:10
LH:10
end_of_record
SF:./core/lib/presentation/bloc/tv/top_rated/tv_top_rated_state.dart
DA:4,1
DA:5,1
DA:14,1
DA:16,1
DA:17,2
DA:22,1
DA:24,1
DA:25,2
LF:8
LH:8
end_of_record
SF:./core/lib/presentation/bloc/tv/top_rated/tv_top_rated_bloc.dart
DA:11,3
DA:12,2
DA:15,1
DA:17,2
DA:19,2
DA:21,1
DA:22,1
DA:23,3
DA:25,1
DA:26,2
LF:10
LH:10
end_of_record
SF:./core/lib/presentation/bloc/tv/detail/tv_detail_state.dart
DA:4,1
DA:5,1
DA:17,1
DA:19,1
DA:20,1
DA:26,1
DA:28,1
DA:29,2
LF:8
LH:8
end_of_record
SF:./core/lib/presentation/bloc/tv/detail/tv_detail_bloc.dart
DA:13,1
DA:14,2
DA:15,2
DA:18,1
DA:20,2
DA:22,3
DA:24,1
DA:25,1
DA:26,3
DA:28,1
DA:29,2
LF:11
LH:11
end_of_record
SF:./core/lib/presentation/bloc/tv/detail/tv_detail_event.dart
DA:10,1
LF:1
LH:1
end_of_record
SF:./core/lib/presentation/bloc/tv/detail/watchlist/tv_detail_watchlist_cubit.dart
DA:12,1
DA:14,2
DA:16,1
DA:17,2
DA:18,1
DA:19,2
DA:26,1
DA:27,2
DA:28,1
DA:29,1
DA:30,3
DA:32,1
DA:35,1
DA:36,3
DA:44,1
DA:45,2
DA:46,1
DA:47,1
DA:48,3
DA:50,1
DA:53,1
DA:54,3
LF:22
LH:22
end_of_record
SF:./core/lib/presentation/bloc/tv/detail/watchlist/tv_detail_watchlist_state.dart
DA:7,2
DA:12,1
DA:19,1
DA:20,3
DA:22,1
DA:26,1
DA:27,0
DA:28,0
LF:8
LH:6
end_of_record
SF:./search/lib/domain/usecases/search_tv.dart
DA:9,1
DA:11,1
DA:12,2
LF:3
LH:3
end_of_record
SF:./search/lib/domain/usecases/search_movies.dart
DA:9,1
DA:11,1
DA:12,2
LF:3
LH:3
end_of_record
SF:./search/lib/presentation/bloc/movie_search/movie_search_state.dart
DA:4,1
DA:6,1
DA:7,1
DA:19,1
DA:21,1
DA:22,2
DA:28,1
DA:30,1
DA:31,2
LF:9
LH:9
end_of_record
SF:./search/lib/presentation/bloc/movie_search/movie_search_bloc.dart
DA:12,3
DA:13,2
DA:14,1
DA:15,2
DA:17,2
DA:19,1
DA:20,1
DA:21,2
DA:23,1
DA:24,1
DA:25,0
DA:28,2
DA:31,1
LF:13
LH:12
end_of_record
SF:./search/lib/presentation/bloc/movie_search/movie_search_event.dart
DA:4,1
DA:10,1
LF:2
LH:2
end_of_record
SF:./search/lib/presentation/bloc/tv_search/tv_search_state.dart
DA:4,1
DA:6,1
DA:7,1
DA:19,1
DA:21,1
DA:22,2
DA:28,1
DA:30,1
DA:31,2
LF:9
LH:9
end_of_record
SF:./search/lib/presentation/bloc/tv_search/tv_search_event.dart
DA:4,1
DA:10,1
LF:2
LH:2
end_of_record
SF:./search/lib/presentation/bloc/tv_search/tv_search_bloc.dart
DA:12,3
DA:13,2
DA:14,1
DA:15,2
DA:17,2
DA:19,1
DA:20,1
DA:21,2
DA:23,1
DA:24,2
DA:27,1
LF:11
LH:11
end_of_record
SF:./search/lib/presentation/pages/search_movie_page.dart
DA:8,0
DA:10,0
DA:12,0
DA:13,0
DA:14,0
DA:16,0
DA:18,0
DA:20,0
DA:21,0
DA:22,0
DA:24,0
DA:25,0
DA:27,0
DA:29,0
DA:30,0
DA:34,0
DA:35,0
DA:37,0
DA:39,0
DA:40,0
DA:41,0
DA:42,0
DA:43,0
DA:45,0
DA:46,0
DA:47,0
DA:48,0
DA:50,0
DA:51,0
DA:53,0
DA:56,0
DA:57,0
DA:58,0
DA:59,0
DA:63,0
LF:35
LH:0
end_of_record
SF:./search/lib/presentation/pages/search_tv_page.dart
DA:8,0
DA:10,0
DA:12,0
DA:13,0
DA:14,0
DA:16,0
DA:18,0
DA:20,0
DA:21,0
DA:22,0
DA:24,0
DA:25,0
DA:27,0
DA:29,0
DA:30,0
DA:34,0
DA:35,0
DA:37,0
DA:39,0
DA:40,0
DA:42,0
DA:43,0
DA:44,0
DA:45,0
DA:48,0
DA:49,0
DA:50,0
DA:51,0
DA:54,0
DA:55,0
DA:56,0
DA:57,0
DA:58,0
DA:59,0
DA:63,0
DA:64,0
DA:66,0
DA:67,0
DA:69,0
DA:72,0
DA:73,0
DA:74,0
DA:77,0
DA:78,0
DA:79,0
LF:45
LH:0
end_of_record
